<?xml version="1.0" encoding="UTF-8"?>
<!-- Generated by org.testng.reporters.JUnitReportReporter -->
<testsuite hostname="JUNNEL-PC" failures="0" tests="1" name="Demo8.UpdateUser" time="0.969" errors="0" timestamp="2023-11-02T19:13:27 SGT" skipped="0">
  <testcase classname="Demo8.UpdateUser" name="testCreateUser" time="0.969"/>
  <system-out/>
</testsuite> <!-- Demo8.UpdateUser -->
