<?xml version="1.0" encoding="UTF-8"?>
<!-- Generated by org.testng.reporters.JUnitReportReporter -->
<testsuite hostname="JUNNEL-PC" failures="0" tests="1" name="Demo4.ParsingJsonResponseData" time="0.965" errors="0" timestamp="2023-09-16T16:40:54 SGT" skipped="0">
  <testcase classname="Demo4.ParsingJsonResponseData" name="testJsonResponse" time="0.965"/>
  <system-out/>
</testsuite> <!-- Demo4.ParsingJsonResponseData -->
