<?xml version="1.0" encoding="UTF-8"?>
<!-- Generated by org.testng.reporters.JUnitReportReporter -->
<testsuite hostname="JUNNEL-PC" failures="0" tests="4" name="Demo1.HTTPRequests" time="5.213" errors="0" timestamp="2023-09-14T16:04:57 SGT" skipped="0">
  <testcase classname="Demo1.HTTPRequests" name="getUsers" time="2.062"/>
  <system-out/>
  <testcase classname="Demo1.HTTPRequests" name="createUser" time="1.170"/>
  <system-out/>
  <testcase classname="Demo1.HTTPRequests" name="updateUser" time="1.000"/>
  <system-out/>
  <testcase classname="Demo1.HTTPRequests" name="deleteUser" time="0.981"/>
  <system-out/>
</testsuite> <!-- Demo1.HTTPRequests -->
