<?xml version="1.0" encoding="UTF-8"?>
<!-- Generated by org.testng.reporters.JUnitReportReporter -->
<testsuite hostname="JUNNEL-PC" failures="0" tests="1" name="Demo3.Header" time="1.517" errors="0" timestamp="2023-11-02T18:58:52 SGT" skipped="0">
  <testcase classname="Demo3.Header" name="getHeader" time="1.517"/>
  <system-out/>
</testsuite> <!-- Demo3.Header -->
