<?xml version="1.0" encoding="UTF-8"?>
<!-- Generated by org.testng.reporters.JUnitReportReporter -->
<testsuite hostname="JUNNEL-PC" failures="0" tests="2" name="Demo6.SerializationDeserialization" time="0.178" errors="0" timestamp="2023-11-02T19:03:10 SGT" skipped="0">
  <testcase classname="Demo6.SerializationDeserialization" name="convertJsonToPojo" time="0.167"/>
  <system-out/>
  <testcase classname="Demo6.SerializationDeserialization" name="convertPojoToJson" time="0.011"/>
  <system-out/>
</testsuite> <!-- Demo6.SerializationDeserialization -->
