<?xml version="1.0" encoding="UTF-8"?>
<!-- Generated by org.testng.reporters.JUnitReportReporter -->
<testsuite hostname="JUNNEL-PC" failures="0" tests="1" name="Demo8.CreateUser" time="2.501" errors="0" timestamp="2023-11-02T19:13:27 SGT" skipped="0">
  <testcase classname="Demo8.CreateUser" name="testCreateUser" time="2.501"/>
  <system-out/>
</testsuite> <!-- Demo8.CreateUser -->
