<?xml version="1.0" encoding="UTF-8"?>
<!-- Generated by org.testng.reporters.JUnitReportReporter -->
<testsuite hostname="JUNNEL-PC" failures="0" tests="5" name="Demo7.Authentication" time="6.510" errors="0" timestamp="2023-09-19T18:42:42 SGT" skipped="0">
  <testcase classname="Demo7.Authentication" name="testBasicAuthentication" time="2.804"/>
  <system-out/>
  <testcase classname="Demo7.Authentication" name="testDigestAuthentication" time="1.304"/>
  <system-out/>
  <testcase classname="Demo7.Authentication" name="testPreemptiveAuthentication" time="1.114"/>
  <system-out/>
  <testcase classname="Demo7.Authentication" name="testBearerTokenAuthentication" time="0.745"/>
  <system-out/>
  <testcase classname="Demo7.Authentication" name="testoAuth2Authentication" time="0.543"/>
  <system-out/>
</testsuite> <!-- Demo7.Authentication -->
