<?xml version="1.0" encoding="UTF-8"?>
<!-- Generated by org.testng.reporters.JUnitReportReporter -->
<testsuite hostname="JUNNEL-PC" failures="0" tests="1" name="Demo6.JsonSchema" time="1.248" errors="0" timestamp="2023-09-18T21:43:43 SGT" skipped="0">
  <testcase classname="Demo6.JsonSchema" name="testJsonSchema" time="1.248"/>
  <system-out/>
</testsuite> <!-- Demo6.JsonSchema -->
