<?xml version="1.0" encoding="UTF-8"?>
<!-- Generated by org.testng.reporters.JUnitReportReporter -->
<testsuite hostname="JUNNEL-PC" failures="0" tests="1" name="Demo3.PathAndQueryParameters" time="3.173" errors="0" timestamp="2023-11-02T18:59:29 SGT" skipped="0">
  <testcase classname="Demo3.PathAndQueryParameters" name="testQueryAndPathParameters" time="3.173"/>
  <system-out/>
</testsuite> <!-- Demo3.PathAndQueryParameters -->
