<?xml version="1.0" encoding="UTF-8"?>
<!-- Generated by org.testng.reporters.JUnitReportReporter -->
<testsuite hostname="JUNNEL-PC" failures="0" tests="1" name="Demo3.Log" time="1.771" errors="0" timestamp="2023-09-15T17:11:31 SGT" skipped="0">
  <testcase classname="Demo3.Log" name="testLogs" time="1.771"/>
  <system-out/>
</testsuite> <!-- Demo3.Log -->
