<?xml version="1.0" encoding="UTF-8"?>
<!-- Generated by org.testng.reporters.JUnitReportReporter -->
<testsuite hostname="JUNNEL-PC" failures="0" tests="1" name="Demo3.Cookies" time="2.608" errors="0" timestamp="2023-09-14T23:25:21 SGT" skipped="0">
  <testcase classname="Demo3.Cookies" name="getCookiesInfo" time="2.608"/>
  <system-out/>
</testsuite> <!-- Demo3.Cookies -->
