<?xml version="1.0" encoding="UTF-8"?>
<!-- Generated by org.testng.reporters.JUnitReportReporter -->
<testsuite hostname="JUNNEL-PC" failures="0" tests="1" name="Demo6.XmlSchema" time="1.312" errors="0" timestamp="2023-09-18T21:55:34 SGT" skipped="0">
  <testcase classname="Demo6.XmlSchema" name="testXmlSchema" time="1.312"/>
  <system-out/>
</testsuite> <!-- Demo6.XmlSchema -->
