<?xml version="1.0" encoding="UTF-8"?>
<!-- Generated by org.testng.reporters.JUnitReportReporter -->
<testsuite hostname="JUNNEL-PC" failures="0" tests="1" name="Demo5.ParsingXMLResponse" time="2.922" errors="0" timestamp="2023-11-02T19:01:15 SGT" skipped="0">
  <testcase classname="Demo5.ParsingXMLResponse" name="testXMLResponseBody" time="2.922"/>
  <system-out/>
</testsuite> <!-- Demo5.ParsingXMLResponse -->
