<?xml version="1.0" encoding="UTF-8"?>
<!-- Generated by org.testng.reporters.JUnitReportReporter -->
<testsuite hostname="JUNNEL-PC" failures="0" tests="2" name="Demo2.CreatePostRequestBody" time="1.436" errors="0" timestamp="2023-09-14T22:36:52 SGT" skipped="0">
  <testcase classname="Demo2.CreatePostRequestBody" name="testPostUsingExternalJsonFile" time="1.391"/>
  <system-out/>
  <testcase classname="Demo2.CreatePostRequestBody" name="testDelete" time="0.045"/>
  <system-out/>
</testsuite> <!-- Demo2.CreatePostRequestBody -->
